FC03D 411.964
FN01A 50.8387
FN01C 50.7344
FN02C 65.1894
FN03A 90.5574
FN03C 90.5233
FN04C 102.872
FN05A 129.111
FN05C 129.244
FN06A 152.374
FN06C 152.23
FN07A 217.127
FN07C 216.699
FN08A 343.094
FN08C 341.594
FN09A 381.531
FN09C 380.651
FN10A 545.806
FN10C 545.462
FN11C 693.443
FN12A 871.267
FN12C 870.998
FN13C 1743.7
FN14A 1055.99
FN14C 464.395
FN16A 1911.57
FN16C 1921.66
FN17C 874.326
FN18A 294.724
FN18C 294.209
FN19A 79.4566
FN19C 79.3248
FS01B 1456.59
FS02B 1280.41
FS02D 1175.54
FS03B 837.054
FS04B 372.015
FS04D 353.495
FS05B 1769.94
FS06B 1381.59
FS06D 1413.88
FS07B 870.021
FS07D 867.511
FS08B 211.493
FS08D 229.962
FS09B 1694.31
FS09D 1672.76
FS10B 948.312
FS10D 1023.91
FS11B 518.927
FS11D 519.809
FS12B 319.746
FS12D 310.955
FS13B 1815.43
FS13D 1796.92
FS14B 451.2
FS14D 507.828
FS15B 224.51
FS15D 245.033
FS16B 1342.47
FS16D 1403.37
FS17B 442.245
FS17D 445.413
FS18B 164.984
FS19B 147.246
FS20B 2044.89
FS41D 1336.04
FS42D 226.075
FS43D 599.429
FS44D 1081.29
FS45D 462.615
G01D 891.438
G02B 1840.82
G02D 1770.74
G03A 4050.51
G03B 4051.29
G03D 4048.47
G04B 4382.88
G04D 4339.58
G05B 4477.76
G05D 4431.48
G09B 1271.53
G09D 1316.77
G10B 2924.87
G10D 3011.47
G11B 3136.75
G11D 3137.21
G12B 2928.68
G13B 3074.23
G13D 2947.72
G17B 219.265
G17D 285.912
G18B 1626.83
G18D 3123.06
G19B 3049.58
G19D 3065.07
G20B 3044.34
G20D 3053.38
G21B 2892.71
G21D 3086.36
G22B 3099
G22D 3070.03
G25B 447.758
G25D 622.46
G26B 2266.1
G26D 2953.4
G27B 3073.12
G27D 2940.45
G28B 3027.84
G29B 3017.82
G29D 2884.16
G30A 3158.93
G30B 3159.99
G33B 312.095
G33D 617.55
G34B 2690.19
G34D 3081.14
G35B 2553.59
G35D 2709.95
G36B2 2664.29
G36D 3151.79
G37B 2795.84
G37D 2823.08
J06A 3186.78
J06B 3185.55
J06D 3188.89
J09B 206.863
J09D 207.171
J10B 3053.47
J10D 3056.33
J11B 3016.77
J11D 3016.24
J17B 308.093
J17D 307.087
J18B 3005.46
J18D 3018.02
J19B 2959.58
J19D 2959.2
J20B 2888.87
J20D 2884.1
J21C 2795.66
J23A 2684.85
J23B 2684.09
J23C 2684.9
J23D 2693.4
J25A 141.323
J25B 140.537
J25C 141.431
J25D 138.344
J26A 2819.45
J26C 2819.21
J26D 2818.26
J27B 2816.83
J27D 2816.48
J28A 2879.01
J28B 2878.66
J28C 2878.78
J28D 2867.89
J29A 2853.22
J29C 2853.61
J30A 2794.13
J30C 2793.39
J31A 2588.31
J31C 2590.26
J32C 2567.34
J33A 404.497
J33B 404.419
J33C 404.497
J34A 2286.44
J34C 2288.71
J35A 2665.46
J35C 2666.11
J36A 2823.73
J36C 2823.33
J37A 2854.51
J37C 2854.53
J38A 2771.91
J38C 2771.88
J39A 2403.58
J39C 2404.01
J41A 189.564
J41C 189.713
J42A 1643.1
J42C 1642.46
J43A 2636.11
J43C 2636.47
J44A 2722
J44C 2722.07
J45A 2758.56
J45C 2758.56
J46A 2745.67
J46C 2745.78
J47A 2691.91
J47C 2691.83
J48A 2843.38
J48B 2833.56
J48C 2842.72
J49A 121.672
J49C 121.853
J50A 1616.29
J50C 1613.72
J51A 2603.45
J51C 2603.34
J52A 2623.7
J52C 2623.67
J53A 2699.43
J53C 2699.43
J54A 2639.88
J54C 2640.07
J55A 2721.32
J55C 2721.5
J57A 59.0604
J57C 59.0598
J58A 1528.96
J58C 1531.64
J59A 2358.68
J59C 2353.63
J61A 2656.44
J61C 2656.44
J63A 2685.44
J63B 2685.33
J63C 2686.73
J65A 262.779
J65C 262.935
J67A 2582.22
J67C 2582.24
J68A 2587.44
J68C 2587.42
J69C 2413
J73A 228.669
J73C 228.667
M01A 247.006
M01C 247.137
M02A 208.371
M02C 208.939
M03A 1674.14
M03C 1674.54
M04A 677.341
M04C 1524.29
M05A 1052.92
M05C 1052.61
M06A 1322.68
M06C 1320.06
M07A 1434.07
M07C 1433.97
M08A 285.713
M08C 286.045
M09B 1041.54
M10B 989.347
M11B 1210.1
M12B 1136.8
M13B 931.7
M13D 1162.36
M14B 681.092
M14D 955.395
M15D 989.099
M16D 876.684
M17D 813.829
M18B 915.508
