15581 103.3960 41.7512
15582 104.0025 41.6909
15583 104.8168 41.5573
15584 103.1111 41.7447
15585 104.9107 41.1697
15586 104.1451 41.1670
15587 103.8191 41.1557
15588 105.1512 40.8104
15589 104.4420 40.7570
15590 105.4335 40.4145
15591 104.7492 40.4947
15592 106.2349 40.3604
15593 105.7584 40.3385
15594 105.4930 40.1561
15595 106.1404 39.9653
15596 105.6941 39.9098
15597 106.4010 39.5114
15598 106.7248 39.9261
15599 103.6707 40.8175
15600 104.0744 40.6379
15601 104.2799 40.3364
15602 104.9309 40.0640
15603 104.3140 40.0263
15604 103.5100 40.0283
15605 103.8626 40.0256
15606 103.1549 39.9051
15607 104.8851 39.8018
15608 104.4524 39.7709
15609 103.9539 39.7459
15610 102.8170 39.6916
15611 103.6018 39.7003
15612 104.7091 39.6079
15613 103.4498 39.4710
15614 105.0787 39.6106
15615 105.3951 39.5348
15616 104.0699 39.4752
15617 104.1732 39.1574
15618 105.6873 38.9821
15619 105.0580 39.0793
15620 103.0161 40.8161
15621 103.0141 40.5969
15622 103.6046 40.5837
15623 103.0485 40.2841
15624 103.8259 40.3637
15625 105.3141 39.8385
15626 105.0273 39.3488
15627 105.2567 39.2370
15628 105.7190 39.2876
15629 104.6718 39.4149
15630 105.3287 39.0021
1563A 105.3287 39.0021
15631 103.6075 38.0094
15632 103.6102 38.3310
15633 103.6479 38.1982
15634 103.9535 38.2306
15635 104.0203 37.8526
15636 104.0984 38.6177
15637 104.1491 37.9712
15638 104.1672 38.7711
15639 104.2523 38.6815
15640 104.2559 38.1412
15641 104.2594 37.4697
15642 104.2706 38.5102
15643 104.3174 37.7170
15644 104.6294 38.3940
15645 104.6169 38.2148
15646 104.6954 37.8985
15647 104.8215 37.6569
15648 104.8494 38.6637
15649 104.9138 38.1416
15650 105.0024 37.8914
15651 105.0873 38.3921
15652 105.1419 38.5848
15653 105.2051 37.7623
15654 105.2929 38.0206
15655 105.3181 38.2226
15656 105.3689 38.7538
15657 105.5357 37.8534
15658 105.6074 38.2458
15659 105.6431 38.5385
15660 105.6757 38.0671
15661 105.2261 41.5465
15662 105.3431 40.9966
15663 105.6158 41.6762
15664 105.9396 40.6925
15665 105.8203 41.1782
15666 106.1455 41.3853
15667 106.2403 41.9040
15668 106.0053 40.8602
15669 106.4701 41.1479
15670 106.5689 40.5668
15671 106.7008 41.6365
15672 106.7626 40.4208
15673 106.9077 40.9831
15674 106.8940 42.1393
15675 107.0167 40.6391
15676 107.1533 41.4436
15677 107.4396 42.0064
15678 107.3969 40.4109
15679 107.3476 41.0297
15680 107.4205 41.2666
15681 107.4047 40.6188
15682 108.4424 41.4162
15683 107.5697 42.2722
15684 107.7129 40.9970
15685 107.7396 42.1005
15686 107.7541 41.8252
15687 107.8469 41.3919
15688 107.8858 40.7698
15689 108.1173 42.3260
15690 108.1592 40.3452
15691 108.2198 40.9695
15692 108.2098 41.7195
15693 108.3152 40.7853
15694 108.4822 41.9772
15695 108.6774 40.3633
15696 108.7796 41.1763
15697 108.8638 42.3562
15698 108.8332 41.4865
15699 108.8832 41.8337
15700 108.9132 42.0641
15701 106.9146 40.0644
15702 107.5100 40.1207
15703 107.8455 40.0113
15704 108.2312 39.9476
15705 108.6084 39.9276
15706 107.0064 39.7948
15707 107.4429 39.7499
15708 107.8971 39.7446
15709 108.3555 39.7071
15710 108.6718 39.7165
15711 107.0960 39.4562
15712 107.4411 39.4743
15713 107.8288 39.4685
15714 108.2647 39.4910
15715 108.6930 39.4301
15716 107.1244 39.1926
15717 107.4645 39.2167
15718 107.8356 39.2257
15719 108.2504 39.1815
15720 108.6631 39.1824
15721 107.1226 38.9067
15722 107.4449 38.9058
15723 107.8565 38.9301
15724 108.2460 38.9118
15725 108.6640 38.9244
15727 108.2818 37.7393
15728 107.8635 37.7355
15729 108.6907 37.7503
15730 108.3152 38.0137
15731 107.9282 38.0212
15732 108.6752 38.0049
15733 107.4894 38.0290
15734 107.4036 38.3166
15735 106.8746 38.3263
15736 108.2957 38.3047
15737 107.8552 38.3456
15738 108.6845 38.3602
15739 108.7831 38.6293
15740 106.9173 38.6928
15741 108.3466 38.6651
15742 107.3904 38.6492
15743 107.9428 38.6648
51501 103.6691 33.5640
51502 104.1154 32.5251
51503 104.0062 33.5069
51504 104.4575 32.6646
51505 104.1549 32.1111
51506 104.9120 32.4868
51507 104.2081 33.0417
51508 103.7945 33.3144
51509 104.4901 32.1637
51510 104.7856 32.1033
51511 107.3473 31.8768
51512 107.1277 32.0629
51513 107.1907 32.3891
51514 107.5484 32.0681
51515 107.6036 32.3285
51516 107.9244 32.0994
51517 108.2890 32.1756
51518 108.2019 31.8497
51519 107.8854 31.8039
51520 106.8536 32.5806
51521 106.8067 32.3062
51522 105.8231 32.7381
51523 105.1909 32.2640
51524 105.4856 32.8049
51525 105.5015 32.4907
51526 105.8712 32.0404
51527 106.2819 31.9343
51528 106.4334 32.4390
51529 106.5231 32.1052
51530 105.8748 32.4666
51531 106.1074 32.6096
51532 105.2772 32.0421
51533 103.6853 32.0130
51534 103.7251 32.3618
51535 103.9073 32.7877
51536 103.6909 32.9935
51537 103.3901 32.9174
51538 103.0917 32.6288
51539 103.2969 32.0016
51540 103.2709 32.2947
51541 102.8786 32.2500
51542 103.1244 33.3500
51543 103.3565 33.4866
51544 103.1887 33.6860
51545 102.9430 33.9319
51546 102.8263 34.1709
51547 102.4584 34.0198
51548 102.4447 33.7284
51549 102.4734 33.4148
51550 102.6270 33.1279
51551 102.9801 33.0101
51552 102.4941 32.2127
51553 102.1633 32.1663
51554 101.7047 32.1481
51555 102.4378 32.4901
51556 102.0504 32.7432
51557 101.5563 33.0481
51558 102.2217 33.0499
51559 101.7541 32.9070
51560 102.1188 32.4423
51561 101.5263 32.6152
51562 102.6407 31.9748
51563 101.7023 31.8538
61001 107.9902 32.3348
61002 107.8969 32.5210
61003 107.4297 32.6298
61004 107.1444 32.6265
61005 106.3182 32.6868
61006 107.7325 32.7097
61007 107.9896 32.7152
61008 106.9038 32.7941
61009 107.2118 32.8418
61010 106.5867 32.8587
61011 106.2431 32.9229
61012 105.9058 32.9012
61013 108.0021 33.0180
61014 107.4494 33.0254
61015 106.2912 33.0441
61016 106.6882 33.1265
61017 107.6732 33.1443
61018 106.0149 33.1970
61019 106.3993 33.2292
61020 107.2371 33.2996
61021 105.8272 33.3218
61022 107.6156 33.3726
61023 106.9762 33.4284
61024 107.9816 33.4378
61025 106.6240 33.4787
61026 106.0070 33.4952
61027 106.3700 33.4782
61028 107.2557 33.5490
61029 107.5512 33.5734
61030 106.9026 33.6182
61031 107.9362 33.7034
61032 106.6765 33.7467
61033 107.5134 33.7949
61034 107.8302 33.8493
61035 107.1069 33.8740
61036 106.5057 33.9141
61037 106.8295 33.9743
61038 107.5463 34.0541
61039 108.1251 34.0615
61040 106.6111 34.1062
61041 106.8341 34.1909
61042 107.4201 34.2795
61043 108.0314 34.3217
61044 107.0625 34.3534
61045 107.6560 34.5046
61046 106.7118 34.4876
61047 108.0268 34.5315
61048 106.4352 34.5462
61049 106.9376 34.5537
61050 107.4085 34.6029
61051 107.1665 34.6374
61052 106.6126 34.7048
61053 106.8914 34.7551
61054 107.4905 34.7659
61055 108.0255 34.8242
61056 107.1911 34.8773
61057 107.7782 34.9235
61058 106.5937 34.9631
61059 108.1204 35.0651
61060 107.7716 35.1671
61061 108.7717 36.5263
61062 108.0980 36.6449
61063 108.4732 36.6767
61064 108.7777 36.8473
61065 107.9207 36.9492
61066 107.5986 36.9707
61067 108.3840 36.9603
61068 107.3922 37.1334
61069 107.9891 37.2054
61070 108.7703 37.1729
61071 107.7407 37.2182
61072 108.3792 37.2209
61073 107.6248 37.3934
61074 107.3112 37.4471
61075 108.8187 37.4815
61076 107.5317 37.6279
61077 108.4254 37.4942
61078 108.0443 37.4874
62300 105.0434 32.8211
62301 104.4551 33.0035
62302 105.7809 33.0693
62303 105.1996 33.1034
62304 105.5812 33.0652
62305 104.9476 33.2044
62306 104.6099 33.3623
62307 105.3145 33.3690
62308 102.2084 33.3898
62309 104.8732 33.5782
62310 105.5407 33.5903
62311 105.2126 33.6184
62312 104.4301 33.6516
62313 105.8880 33.6590
62314 106.3244 33.7746
62315 101.6978 33.7732
62316 102.1300 33.7910
62317 106.1000 33.8359
62318 105.4580 33.8920
62319 104.8820 33.9180
62320 103.3407 33.8669
62321 103.7220 33.9347
62322 101.7253 34.0821
62323 104.3913 34.0488
62324 105.1473 34.1183
62325 103.6079 34.4079
62326 102.1407 34.2059
62327 104.0490 34.2514
62328 104.9064 34.1786
62329 105.5600 34.1839
62330 106.3094 34.1751
62331 105.9713 34.3436
62332 103.3304 34.5074
62333 102.6899 34.3545
62334 106.4471 34.3315
62335 104.9547 34.4537
62336 105.5481 34.4723
62337 104.2038 34.5026
62338 102.5661 34.5715
62339 104.6443 34.6190
62340 103.8065 34.6549
62341 103.0017 34.7096
62342 105.2499 34.7127
62343 106.2118 34.7457
62344 102.6007 34.8077
62345 102.2190 34.6427
62346 105.7956 34.8365
62347 104.2073 34.8123
62348 104.5974 34.9232
62349 103.6292 34.9765
62350 103.0776 34.9953
62351 105.0140 35.0177
62352 105.5279 35.0813
62353 107.3785 35.1204
62354 106.2132 35.1433
62355 103.9333 35.1560
62356 106.9965 35.1620
62357 104.4677 35.1804
62358 106.5679 35.1797
62359 102.4842 35.1874
62360 105.1652 35.2006
62361 102.8829 35.2363
62362 103.6516 35.2761
62363 105.9618 35.2738
62364 104.2425 35.3587
62365 107.8210 35.4070
62366 105.4540 35.4407
62367 107.1403 35.4387
62368 104.9534 35.4808
62369 107.4818 35.4509
62370 108.3568 35.4788
62371 103.2866 35.4758
62372 104.5891 35.5523
62373 106.6379 35.5973
62374 103.7167 35.6219
62375 105.5873 35.6166
62376 102.9773 35.6618
62377 107.6867 35.7585
62378 108.0645 35.7495
62379 105.2317 35.7579
62380 107.0171 35.7768
62381 104.8629 35.8024
62382 104.4215 35.8160
62383 103.8804 35.8758
62384 103.1149 35.8742
62385 107.4873 36.0057
62386 108.2341 36.0037
62387 107.9074 36.0106
62388 103.4502 36.0310
62389 107.0383 36.0490
62390 104.2387 36.0681
62391 104.7088 36.0862
62392 105.1517 36.1610
62393 104.0184 36.3257
62394 107.0992 36.3268
62395 102.8997 36.3402
62396 108.2513 36.3605
62397 103.3871 36.4140
62398 104.4603 36.3775
62399 104.8261 36.3941
62400 107.5099 36.3604
62401 103.5601 36.4931
62402 106.7156 36.5699
62403 107.8882 36.5575
62404 103.8561 36.5626
62405 107.1027 36.5837
62406 104.4743 36.6507
62407 105.0072 36.6357
62408 103.0487 36.6656
62409 107.7173 36.7521
62410 106.9146 36.7990
62411 107.2846 36.8459
62412 103.6817 36.8639
62413 103.1570 36.8877
62414 102.8091 36.8812
62415 104.0716 36.9383
62416 104.4186 36.8798
62417 104.8384 36.9785
62418 103.4951 37.1121
62419 102.9219 37.1445
62420 103.8651 37.2333
62421 104.4279 37.2718
62422 103.3079 37.3526
62423 103.6548 37.4117
62424 102.8871 37.4570
62425 102.4145 37.5151
62426 103.1395 37.7163
62427 103.4340 37.6996
62428 101.7577 37.8147
62429 102.6467 37.7479
62430 102.2065 37.9166
62431 101.5592 38.0106
62432 101.2523 38.0951
62433 102.8404 37.9981
62434 102.4673 38.0090
62435 101.9793 38.2566
62436 101.5895 38.2900
62437 101.1183 38.2773
62438 102.6632 38.3184
62439 103.2602 38.3267
62440 102.3764 38.4890
62441 101.6484 38.5388
62442 100.4316 38.5558
62443 100.8448 38.5587
62444 102.9317 38.5568
62445 101.9451 38.6311
62446 99.6153 38.6014
62447 101.2545 38.6328
62448 102.6360 38.8351
62449 99.3540 38.7965
62450 103.5269 38.8191
62451 100.2160 38.8065
62452 102.1565 38.9744
62453 100.7740 38.8961
62454 102.9888 38.9809
62455 99.7876 39.1134
62456 103.8940 39.1552
62457 98.3126 39.0924
62458 100.1348 39.0941
62459 99.2721 39.1082
62460 102.3376 38.9873
62461 98.8191 39.2309
62462 103.4997 39.2054
62463 97.7147 39.2770
62464 99.9407 39.3498
62465 99.4320 39.3606
62466 100.2985 39.3799
62467 99.0509 39.4649
62468 98.3943 39.5426
62469 99.8204 39.6195
62470 99.4584 39.5970
62471 98.0120 39.6312
62472 98.8476 39.6921
62473 99.2737 39.7352
62474 98.6027 39.9033
63001 100.5401 38.0547
63002 100.9576 37.9515
63003 99.5429 38.4584
63004 99.2593 38.3888
63005 99.8437 38.2921
63006 99.2395 38.7302
63007 98.8051 38.9126
63008 98.4147 38.8261
63009 100.5468 37.7395
63010 100.8688 37.6829
63011 101.8032 37.3462
63012 102.1842 37.1985
63013 101.1977 37.6241
63014 100.5324 37.4176
63015 100.2116 37.2972
63016 99.9869 37.6178
63017 99.8026 37.2547
63018 99.4881 37.4341
63019 100.1389 37.9934
63020 99.6332 38.0473
63021 100.9221 36.9199
63022 100.6206 37.1046
63023 101.0023 36.4293
63024 100.5804 36.3952
63025 99.7522 36.7272
63026 99.4205 37.1056
63027 100.8137 36.6009
63028 100.2872 36.5880
63029 100.9241 36.1397
63030 101.5087 35.9031
63031 101.5403 36.0769
63032 101.2401 36.2315
63033 101.2335 35.9978
63034 99.1328 37.5183
63035 99.4124 37.7479
63036 98.6337 37.6769
63037 98.8271 37.9214
63038 99.1573 38.1676
63039 98.3595 37.9967
63040 98.2831 38.3864
63041 98.7296 38.4164
63042 98.0297 38.7026
63043 97.7237 38.8368
63045 101.3349 37.1129
63046 101.0271 37.3325
63047 102.5263 36.8262
63048 102.0950 36.5827
63049 102.5115 36.2273
63050 102.8331 36.0470
63051 102.7100 35.6024
63052 102.3163 35.7432
63053 102.1033 35.9090
63054 101.7143 36.2659
63055 102.4238 35.4494
63056 102.2537 35.1990
63057 101.8688 35.7672
63058 101.7845 35.2026
63059 101.6665 34.7368
63060 102.1373 34.4851
64001 106.0712 35.5337
64002 106.3931 35.6798
64003 106.0845 35.7490
64004 105.7979 35.6954
64005 106.6027 35.8478
64006 105.5098 35.8570
64007 105.8408 35.8849
64008 106.4226 35.9625
64009 105.5070 36.0750
64010 106.2127 36.1815
64011 106.5104 36.1374
64012 105.9895 36.7964
64013 105.9815 36.2805
64014 106.7107 36.0336
64015 105.6143 36.2555
64016 105.9465 36.5225
64017 106.3301 36.5995
64018 105.5868 36.8029
64019 105.9420 36.9920
64020 106.3501 36.8384
64021 105.5460 37.0840
64022 106.5809 37.0426
64023 105.9822 37.1899
64024 105.5754 37.2568
64025 106.2462 37.0366
64026 106.6660 37.3286
64027 104.9294 37.4399
64028 105.2139 36.9138
64029 107.0059 37.1869
64030 105.8176 37.6615
64031 106.4422 37.5573
64032 106.7189 37.6579
64033 106.9912 37.4530
64034 106.4061 37.8543
64035 105.5958 37.5463
64036 106.0632 37.8714
64037 106.7724 37.8980
64038 107.1770 38.0058
64039 105.9344 38.1105
64040 106.3376 38.1268
64041 104.8684 37.2095
64042 105.9790 38.3101
64043 107.0849 37.7693
64044 106.2479 38.5542
64045 106.0136 37.4130
64046 106.1598 38.7491
64047 106.3302 38.3738
64048 106.5820 38.3892
64049 106.3734 38.8424
64050 106.5214 38.6294
64051 106.8771 39.0296
64052 106.1392 39.0683
64053 106.6969 38.8077
64054 106.4813 39.0824
64055 106.3379 39.2471
64056 106.6970 38.1380
S184 103.9630 37.6295
WT001 100.1860 42.3441
WT002 98.6446 42.3790
WT003 99.2746 42.3570
WT004 101.0492 42.3266
WT005 101.8398 42.3291
WT006 99.3226 41.9222
WT007 100.0480 41.9292
WT008 100.9269 41.9070
WT009 98.6089 41.9935
WT010 103.0126 41.9284
WT011 101.7455 41.8979
WT012 103.0263 40.1022
WT013 98.1192 42.0109
WT014 102.7605 41.6779
WT015 98.6585 41.6444
WT016 99.2179 41.5709
WT017 100.0438 41.5564
WT018 102.7414 39.6165
WT019 97.9965 41.6237
WT020 100.9792 41.4957
WT021 101.4542 41.4754
WT022 102.4655 41.3704
WT023 98.1654 41.2475
WT024 98.6007 41.2219
WT025 97.3720 41.2674
WT026 101.5373 40.9975
WT027 99.2942 41.1545
WT028 100.0587 41.1850
WT029 97.5111 41.2811
WT030 101.7361 39.4590
WT031 100.9610 40.9950
WT032 102.8283 40.7187
WT033 102.3673 39.5408
WT034 99.8746 40.7659
WT035 98.1559 40.8309
WT036 99.1726 40.8596
WT037 102.9490 39.3029
WT038 97.7412 40.8865
WT039 101.4402 39.1719
WT040 97.3848 40.5604
WT041 98.5946 40.8468
WT042 97.3543 40.8201
WT043 101.5810 38.8000
WT044 98.1887 40.5817
WT045 101.4676 40.6122
WT046 99.4563 40.5410
WT047 101.1719 39.5644
WT048 96.7135 40.6671
WT049 100.9343 40.5498
WT050 98.6769 40.5733
WT051 99.9515 40.1094
WT052 98.0297 39.7212
WT053 97.7697 40.4926
WT054 99.0198 40.5226
WT055 103.0101 40.4649
WT056 100.8646 39.2241
WT057 96.9774 40.4118
WT058 97.6713 40.4088
WT059 102.6150 39.2394
WT060 99.4008 40.2284
WT061 98.6623 40.3021
WT062 98.1629 40.0587
WT063 100.4869 39.9393
WT064 98.2099 40.3573
WT065 102.1494 39.2529
WT066 97.3187 40.3120
WT067 96.6187 39.9733
WT068 100.4827 39.5038
WT069 99.0642 40.2660
WT070 100.0964 39.8738
WT071 100.8346 39.7169
WT072 97.7435 40.0455
WT073 98.9357 39.9068
WT074 97.3232 39.9261
WT075 96.9877 39.7170
WT076 97.7451 39.7465
WT077 97.2809 39.6485
WT078 97.7276 39.5237
WT079 96.8168 40.9790
WT080 96.4870 39.8376
