169.476 -21.1773 0
243.333 33.4915 2459.36
243.577 32.8927 2457.3
243.578 32.892 2458.07
242.752 32.841 2441.02
238.134 37.954 2409.3
239.613 38.0346 2439.73
237.542 38.3453 2402.5
236.999 37.6978 2384.74
237.284 39.6547 2416.65
237.761 37.4037 2395.31
237.557 38.8787 2411.54
239.697 41.9025 2495.07
237.459 40.5799 2433.83
238.243 37.6221 2406.85
237.29 41.732 2445.51
242.566 34.5505 2454.58
241.17 35.1269 2434.77
240.896 35.3444 2431.46
243.328 32.6801 2448.9
242.341 34.2388 2446.31
241.974 34.3334 2441.06
241.92 36.4399 2465.27
241.666 34.2535 2434.23
241.545 34.1062 2429.66
243.899 32.6591 2463.39
243.137 36.467 2491.7
245.173 33.0515 2497.81
242.634 36.9961 2488.2
241.526 35.6628 2445.48
240.934 34.1082 2414.96
240.186 34.8885 2408.99
241.942 34.2236 2439.32
239.454 35.4077 2400.78
241.596 33.7435 2425.82
243.003 34.8753 2469.33
240.285 34.4408 2405.5
241.453 32.9799 2412.7
240.365 33.9954 2401.82
243.725 35.8995 2496.66
240.004 35.3142 2410.79
244.2 32.9451 2474
241.714 34.0192 2432.72
241.882 34.4837 2441.04
240.915 35.8409 2437.47
242.67 34.5607 2456.67
240.582 46.4617 2569.17
240.241 39.3104 2471
242.895 32.8889 2443.82
245.42 32.5356 2497.82
246.233 32.7683 2519.49
247.772 32.7006 2552.88
248.296 32.5618 2563.02
249.261 32.5716 2586.86
250.03 32.6399 2602.44
250.697 32.7663 2621.19
247.189 31.9559 2533.57
248.543 32.0022 2563.66
249.184 31.7748 2576.61
249.954 31.9737 2595.69
250.741 31.9989 2614.09
250.009 31.439 2591.82
250.719 31.3757 2606.69
240.728 48.9534 2601.49
241.415 48.9752 2615.36
242.441 48.9813 2631.26
243.637 48.958 2652.24
245.587 48.933 2683.14
247.267 48.9777 2712.06
236.496 48.0575 2521.64
239.88 48.4607 2583.05
240.667 48.3584 2592.67
241.851 48.4226 2616.59
246.727 48.3609 2698.89
247.438 48.3129 2709.09
248.293 48.4128 2725
237.028 47.7172 2525.51
238.31 47.6947 2545.08
239.939 47.6902 2575.2
241.726 47.8006 2604.3
242.692 47.8192 2623.38
243.744 47.8397 2640
244.525 47.7092 2652.38
246.253 47.7687 2683.88
248.254 47.8012 2719.49
249.237 47.6327 2737.04
236.229 47.1161 2501.49
237.197 47.1109 2517.87
238.011 47.1881 2535.39
239.156 47.1935 2551.91
240.027 47.1936 2569.69
241.691 47.0615 2594.32
242.724 47.0547 2614.69
243.665 47.0477 2630.26
244.647 47.0528 2646.55
246.494 47.0816 2681.15
236.437 46.5459 2495.82
238.239 46.5605 2530.88
239.021 46.5433 2543.7
241.855 46.5139 2591.63
244.43 46.4151 2637.06
245.812 46.4423 2663.93
250.086 46.5663 2744.21
239.272 40.6183 2468.77
236.441 45.9306 2487.66
239.218 45.7664 2537.26
242.091 45.7087 2587.84
242.772 45.9734 2601.17
247.507 45.8409 2689.97
250.284 45.9046 2745.5
236.719 45.3153 2486.42
239.365 45.2357 2533.55
242.22 45.2781 2585.86
244.674 45.1285 2630.54
245.767 45.0931 2649.21
247.511 45.166 2685.89
248.195 45.2285 2699.81
236 44.6764 2462.55
236.708 44.6765 2477.34
239.665 44.7344 2533.73
240.435 44.5913 2545.26
243.253 44.589 2597.72
245.145 44.5494 2634.28
245.745 44.5642 2644.81
240.496 44.082 2540.51
241.431 43.9104 2554.54
242.259 43.9733 2572.42
244.867 43.7945 2621.03
245.883 43.9146 2641.75
246.548 43.9286 2655.03
247.515 43.9997 2676.31
249.424 43.92 2711.82
238.764 43.2843 2497.59
240.69 43.3736 2535.47
241.526 43.358 2550.52
242.246 43.3471 2563.38
243.233 43.4275 2585.09
244.172 43.4151 2601.21
246.482 43.3234 2647.31
247.567 43.3998 2670.02
248.388 43.2741 2684.39
238.269 42.6133 2478.28
239.107 42.7258 2495.19
239.749 42.7991 2508.28
240.753 42.6912 2527.43
242.275 42.6996 2555.56
243.13 42.7779 2573.29
243.968 42.7713 2590.03
236.398 42.156 2436.59
238.109 42.175 2468.25
241.656 42.1901 2537.83
242.333 42.0192 2548.31
243.529 42.0773 2572.84
244.246 42.1669 2588.27
247.614 42.0041 2650.52
239.26 38.7552 2443.56
237.146 41.392 2439.29
237.878 41.2742 2450.15
238.854 41.3593 2471.4
241.621 41.4483 2526.55
245.834 41.3602 2608.26
250.327 40.9763 2694.59
250.823 40.8936 2704.62
237.212 40.1767 2422.14
241.123 40.1614 2498.58
241.845 40.2903 2514.97
243.5 40.2917 2549.04
244.343 40.1313 2563.09
247.531 40.2807 2633.97
249.262 40.1948 2667.21
249.992 40.2655 2682.37
250.876 40.2982 2699.08
239.392 39.3028 2453.36
240.102 39.6785 2473.47
241.111 39.5399 2492.18
241.92 39.6946 2509.77
242.861 39.5516 2527.64
248.341 39.6092 2641.89
249.26 39.473 2657.69
251.019 39.6333 2695.21
237.986 38.6333 2416.79
241.192 38.9383 2485.95
242.068 38.8606 2501.75
242.818 38.834 2516.51
245.98 38.9551 2585.23
248.828 38.9176 2642.15
249.867 39.1025 2665.04
239.064 38.2571 2432.89
239.924 38.7028 2455.05
240.549 38.5226 2465.85
240.953 38.089 2467.63
246.031 38.1802 2575.8
246.979 38.2987 2596.77
247.723 38.2108 2609.93
248.517 38.2843 2630.28
240.151 37.8817 2448.29
244.253 37.6444 2531.79
245.151 37.6083 2549.66
246.14 37.5808 2570.63
246.832 37.7601 2588.35
249.198 37.6354 2635.38
250.005 37.6903 2650.49
244.78 37.2408 2538.24
246.093 37.0195 2561.94
246.916 37.0615 2581.48
247.618 37.0183 2595.2
243.67 36.4193 2501.54
244.617 36.423 2523.6
245.461 36.4321 2542.31
247.709 36.428 2591.07
248.87 36.1428 2611.93
250.13 36.4199 2642.36
244.57 35.8384 2513.98
247.827 35.8191 2588.26
250.954 35.7147 2652.85
246.115 35.099 2541.59
246.917 35.2127 2558.72
249.287 35.0789 2609.91
250.264 35.1181 2634.59
250.612 35.1118 2641.05
247.109 34.4692 2555.62
247.763 34.4866 2570.82
248.559 34.4178 2588.2
249.194 34.3371 2600.32
250.05 34.5293 2623.04
250.71 34.4275 2637.87
245.476 33.7503 2509.91
246.171 33.8142 2529.34
246.995 33.9383 2548.2
247.667 33.9535 2562.52
248.522 33.8798 2582.19
249.156 33.6953 2593.82
249.966 33.7776 2612.88
247.054 33.3627 2543.87
247.842 33.2893 2559.55
248.573 33.341 2579.15
249.964 33.0851 2606.41
250.734 33.2921 2627.68
255.804 48.4702 2860.05
250.245 48.024 2756.14
244.761 40.7448 2579.24
245.586 43.5625 2632.65
254.387 39.7997 2768.27
236.131 47.3917 2504.04
257.967 40.9451 2849.09
254.499 37.7456 2751.62
243.75 36.9488 2510.68
248.626 35.5169 2599.67
