243.333 33.4915 2.31837e-07
243.577 32.8927 2.30968e-07
243.578 32.892 2.31578e-07
242.752 32.841 2.67624e-07
238.134 37.954 2.2729e-07
239.613 38.0346 2.38009e-07
237.542 38.3453 2.39032e-07
236.999 37.6978 2.54676e-07
237.284 39.6547 2.91941e-07
237.761 37.4037 2.60154e-07
237.557 38.8787 2.60347e-07
239.697 41.9025 2.75157e-07
237.459 40.5799 2.68467e-07
238.243 37.6221 2.37775e-07
237.29 41.732 2.47575e-07
242.566 34.5505 2.0003e-07
241.17 35.1269 2.12944e-07
240.896 35.3444 1.84536e-07
243.328 32.6801 2.21839e-07
242.341 34.2388 2.09596e-07
241.974 34.3334 1.86725e-07
241.92 36.4399 1.9579e-07
241.666 34.2535 1.72037e-07
241.545 34.1062 1.71903e-07
243.899 32.6591 1.94962e-07
243.137 36.467 2.26575e-07
245.173 33.0515 2.26731e-07
242.634 36.9961 2.18368e-07
241.526 35.6628 1.44207e-07
240.934 34.1082 1.59779e-07
240.186 34.8885 1.83402e-07
241.942 34.2236 1.87496e-07
239.454 35.4077 1.51052e-07
241.596 33.7435 1.80209e-07
243.003 34.8753 2.07243e-07
240.285 34.4408 1.90328e-07
241.453 32.9799 2.14403e-07
240.365 33.9954 2.179e-07
243.725 35.8995 2.02259e-07
240.004 35.3142 1.97531e-07
244.2 32.9451 2.12264e-07
241.714 34.0192 1.7094e-07
241.882 34.4837 1.87011e-07
240.915 35.8409 1.90746e-07
242.67 34.5607 2.12148e-07
240.582 46.4617 1.98666e-07
240.241 39.3104 1.78802e-07
242.895 32.8889 2.72856e-07
245.42 32.5356 2.60849e-07
246.233 32.7683 1.98737e-07
247.772 32.7006 2.88732e-07
248.296 32.5618 2.57275e-07
249.261 32.5716 2.92992e-07
250.03 32.6399 3.02493e-07
250.697 32.7663 2.24711e-07
247.189 31.9559 2.62226e-07
248.543 32.0022 2.59425e-07
249.184 31.7748 2.71845e-07
249.954 31.9737 2.96795e-07
250.741 31.9989 2.44998e-07
250.009 31.439 2.97118e-07
250.719 31.3757 2.70026e-07
240.728 48.9534 1.5263e-07
241.415 48.9752 1.61586e-07
242.441 48.9813 1.95971e-07
243.637 48.958 1.59526e-07
245.587 48.933 1.48115e-07
247.267 48.9777 1.54953e-07
236.496 48.0575 1.4249e-07
239.88 48.4607 2.2528e-07
240.667 48.3584 1.89154e-07
241.851 48.4226 1.44548e-07
246.727 48.3609 1.85873e-07
247.438 48.3129 1.71703e-07
248.293 48.4128 1.71364e-07
237.028 47.7172 1.74367e-07
238.31 47.6947 1.87143e-07
239.939 47.6902 1.99052e-07
241.726 47.8006 1.5814e-07
242.692 47.8192 1.75795e-07
243.744 47.8397 2.08908e-07
244.525 47.7092 1.67798e-07
246.253 47.7687 1.5361e-07
248.254 47.8012 1.8543e-07
249.237 47.6327 2.12252e-07
236.229 47.1161 1.7034e-07
237.197 47.1109 1.10595e-07
238.011 47.1881 2.02981e-07
239.156 47.1935 1.79791e-07
240.027 47.1936 1.89271e-07
241.691 47.0615 2.03902e-07
242.724 47.0547 1.69254e-07
243.665 47.0477 2.26757e-07
244.647 47.0528 2.02023e-07
246.494 47.0816 1.82741e-07
236.437 46.5459 1.86268e-07
238.239 46.5605 1.82318e-07
239.021 46.5433 2.37794e-07
241.855 46.5139 2.60158e-07
244.43 46.4151 2.50759e-07
245.812 46.4423 2.01067e-07
250.086 46.5663 1.61349e-07
239.272 40.6183 2.41121e-07
236.441 45.9306 2.21413e-07
239.218 45.7664 2.29052e-07
242.091 45.7087 2.73347e-07
242.772 45.9734 2.10794e-07
247.507 45.8409 2.24044e-07
250.284 45.9046 1.93018e-07
236.719 45.3153 2.1193e-07
239.365 45.2357 2.18504e-07
242.22 45.2781 3.0534e-07
244.674 45.1285 2.50192e-07
245.767 45.0931 2.4908e-07
247.511 45.166 2.17163e-07
248.195 45.2285 2.22162e-07
236 44.6764 2.20638e-07
236.708 44.6765 1.79721e-07
239.665 44.7344 2.49267e-07
240.435 44.5913 2.97705e-07
243.253 44.589 2.98003e-07
245.145 44.5494 2.41572e-07
245.745 44.5642 2.44667e-07
240.496 44.082 3.11071e-07
241.431 43.9104 2.72123e-07
242.259 43.9733 2.16507e-07
244.867 43.7945 1.77137e-07
245.883 43.9146 2.55236e-07
246.548 43.9286 2.38001e-07
247.515 43.9997 2.30524e-07
249.424 43.92 2.5174e-07
238.764 43.2843 2.83089e-07
240.69 43.3736 2.80262e-07
241.526 43.358 2.95138e-07
242.246 43.3471 2.39937e-07
243.233 43.4275 2.53331e-07
244.172 43.4151 2.30044e-07
246.482 43.3234 2.69304e-07
247.567 43.3998 1.91557e-07
248.388 43.2741 2.46253e-07
238.269 42.6133 2.20507e-07
239.107 42.7258 2.73524e-07
239.749 42.7991 2.45965e-07
240.753 42.6912 2.15781e-07
242.275 42.6996 2.81319e-07
243.13 42.7779 2.06908e-07
243.968 42.7713 2.61532e-07
236.398 42.156 2.7369e-07
238.109 42.175 2.63334e-07
241.656 42.1901 2.54506e-07
242.333 42.0192 2.73156e-07
243.529 42.0773 2.32203e-07
244.246 42.1669 2.48606e-07
247.614 42.0041 2.50772e-07
239.26 38.7552 2.3432e-07
237.146 41.392 2.71893e-07
237.878 41.2742 2.72613e-07
238.854 41.3593 2.4789e-07
241.621 41.4483 2.12305e-07
245.834 41.3602 2.18345e-07
250.327 40.9763 2.01216e-07
250.823 40.8936 1.96549e-07
237.212 40.1767 2.69727e-07
241.123 40.1614 2.43029e-07
241.845 40.2903 2.03921e-07
243.5 40.2917 2.64607e-07
244.343 40.1313 2.16631e-07
247.531 40.2807 2.15885e-07
249.262 40.1948 1.80306e-07
249.992 40.2655 2.21548e-07
250.876 40.2982 1.83894e-07
239.392 39.3028 2.5235e-07
240.102 39.6785 2.33749e-07
241.111 39.5399 2.54301e-07
241.92 39.6946 2.45518e-07
242.861 39.5516 2.17845e-07
248.341 39.6092 2.75774e-07
249.26 39.473 1.9545e-07
251.019 39.6333 1.61694e-07
237.986 38.6333 2.36533e-07
241.192 38.9383 2.29353e-07
242.068 38.8606 2.32199e-07
242.818 38.834 1.90967e-07
245.98 38.9551 2.05949e-07
248.828 38.9176 2.45556e-07
249.867 39.1025 1.37282e-07
239.064 38.2571 2.3763e-07
239.924 38.7028 2.45309e-07
240.549 38.5226 2.22666e-07
240.953 38.089 2.03889e-07
246.031 38.1802 1.46932e-07
246.979 38.2987 2.35846e-07
247.723 38.2108 1.45861e-07
248.517 38.2843 1.66875e-07
240.151 37.8817 2.47769e-07
244.253 37.6444 1.53724e-07
245.151 37.6083 2.00898e-07
246.14 37.5808 1.44988e-07
246.832 37.7601 2.25513e-07
249.198 37.6354 1.6892e-07
250.005 37.6903 1.50184e-07
244.78 37.2408 1.97813e-07
246.093 37.0195 1.75603e-07
246.916 37.0615 2.08972e-07
247.618 37.0183 2.19643e-07
243.67 36.4193 1.85667e-07
244.617 36.423 1.41223e-07
245.461 36.4321 1.96083e-07
247.709 36.428 2.12631e-07
248.87 36.1428 1.30626e-07
250.13 36.4199 2.21332e-07
244.57 35.8384 1.46827e-07
247.827 35.8191 1.75688e-07
250.954 35.7147 1.65296e-07
246.115 35.099 1.72981e-07
246.917 35.2127 1.65218e-07
249.287 35.0789 1.57381e-07
250.264 35.1181 1.83921e-07
250.612 35.1118 2.09311e-07
247.109 34.4692 1.88123e-07
247.763 34.4866 1.91716e-07
248.559 34.4178 2.21354e-07
249.194 34.3371 2.31773e-07
250.05 34.5293 1.58546e-07
250.71 34.4275 2.54898e-07
245.476 33.7503 1.51557e-07
246.171 33.8142 1.69299e-07
246.995 33.9383 2.16299e-07
247.667 33.9535 2.14722e-07
248.522 33.8798 2.24797e-07
249.156 33.6953 2.7431e-07
249.966 33.7776 2.03757e-07
247.054 33.3627 2.3944e-07
247.842 33.2893 2.17586e-07
248.573 33.341 2.40138e-07
249.964 33.0851 2.59847e-07
250.734 33.2921 2.32015e-07
255.804 48.4702 1.70846e-07
250.245 48.024 1.91053e-07
244.761 40.7448 2.11728e-07
245.586 43.5625 2.39169e-07
254.387 39.7997 2.00283e-07
236.131 47.3917 1.66705e-07
257.967 40.9451 1.30512e-07
254.499 37.7456 1.56608e-07
243.75 36.9488 1.791e-07
248.626 35.5169 1.69765e-07
